<?xml version="1.0" encoding="UTF-8"?>
<!-- Generated by org.testng.reporters.JUnitReportReporter -->
<testsuite skipped="0" hostname="Lenovo" name="testng.Parameters" tests="1" failures="0" timestamp="06 Aug 2019 10:20:32 GMT" time="0.016" errors="0">
  <testcase name="test" time="0.016" classname="testng.Parameters"/>
</testsuite> <!-- testng.Parameters -->
