<?xml version="1.0" encoding="UTF-8"?>
<!-- Generated by org.testng.reporters.JUnitReportReporter -->
<testsuite skipped="0" hostname="Lenovo" name="testng.Demo3" tests="1" failures="0" timestamp="06 Aug 2019 05:28:08 GMT" time="0.000" errors="0">
  <testcase name="deleteuser" time="0.000" classname="testng.Demo3"/>
</testsuite> <!-- testng.Demo3 -->
