<?xml version="1.0" encoding="UTF-8"?>
<!-- Generated by org.testng.reporters.JUnitReportReporter -->
<testsuite skipped="0" hostname="Lenovo" name="testng.TestNGDemo" tests="2" failures="0" timestamp="06 Aug 2019 05:23:42 GMT" time="0.031" errors="0">
  <testcase name="deleteuser" time="0.000" classname="testng.TestNGDemo"/>
  <testcase name="usercreated" time="0.031" classname="testng.TestNGDemo"/>
</testsuite> <!-- testng.TestNGDemo -->
