<?xml version="1.0" encoding="UTF-8"?>
<!-- Generated by org.testng.reporters.JUnitReportReporter -->
<testsuite skipped="0" hostname="Lenovo" name="testng.Demo2" tests="1" failures="0" timestamp="06 Aug 2019 05:28:08 GMT" time="0.016" errors="0">
  <testcase name="usercreated" time="0.016" classname="testng.Demo2"/>
</testsuite> <!-- testng.Demo2 -->
