<?xml version="1.0" encoding="UTF-8"?>
<!-- Generated by org.testng.reporters.JUnitReportReporter -->
<testsuite skipped="0" hostname="Lenovo" name="testng.Orderdemo" tests="2" failures="0" timestamp="06 Aug 2019 05:49:34 GMT" time="0.016" errors="0">
  <testcase name="test" time="0.016" classname="testng.Orderdemo"/>
  <testcase name="test1" time="0.000" classname="testng.Orderdemo"/>
</testsuite> <!-- testng.Orderdemo -->
