<?xml version="1.0" encoding="UTF-8"?>
<!-- Generated by org.testng.reporters.JUnitReportReporter -->
<testsuite skipped="0" hostname="Lenovo" name="testng.DataProvider" tests="3" failures="0" timestamp="06 Aug 2019 06:57:30 GMT" time="0.032" errors="0">
  <testcase name="creeateuser" time="0.000" classname="testng.DataProvider"/>
  <testcase name="creeateuser" time="0.016" classname="testng.DataProvider"/>
  <testcase name="creeateuser" time="0.016" classname="testng.DataProvider"/>
</testsuite> <!-- testng.DataProvider -->
