<?xml version="1.0" encoding="UTF-8"?>
<!-- Generated by org.testng.reporters.JUnitReportReporter -->
<testsuite skipped="1" hostname="Lenovo" name="testng.Groupsexp" tests="2" failures="0" timestamp="06 Aug 2019 09:58:42 GMT" time="0.012" errors="0">
  <testcase name="creatproduct" time="0.012" classname="testng.Groupsexp"/>
  <testcase name="edituser" classname="testng.Groupsexp">
    <skipped/>
  </testcase> <!-- edituser -->
</testsuite> <!-- testng.Groupsexp -->
