<?xml version="1.0" encoding="UTF-8"?>
<!-- Generated by org.testng.reporters.JUnitReportReporter -->
<testsuite skipped="0" hostname="Lenovo" name="testngwithexcel.Wrtingtoexcel" tests="1" failures="0" timestamp="07 Aug 2019 09:55:32 GMT" time="32.412" errors="0">
  <testcase name="maintest" time="32.412" classname="testngwithexcel.Wrtingtoexcel"/>
</testsuite> <!-- testngwithexcel.Wrtingtoexcel -->
