<?xml version="1.0" encoding="UTF-8"?>
<!-- Generated by org.testng.reporters.JUnitReportReporter -->
<testsuite skipped="0" hostname="Lenovo" name="testng.Prioritydemo" tests="4" failures="0" timestamp="06 Aug 2019 06:39:59 GMT" time="0.049" errors="0">
  <testcase name="test2" time="0.033" classname="testng.Prioritydemo"/>
  <testcase name="test2" time="0.000" classname="testng.Prioritydemo"/>
  <testcase name="test1" time="0.016" classname="testng.Prioritydemo"/>
  <testcase name="test3" time="0.000" classname="testng.Prioritydemo"/>
</testsuite> <!-- testng.Prioritydemo -->
