<?xml version="1.0" encoding="UTF-8"?>
<!-- Generated by org.testng.reporters.JUnitReportReporter -->
<testsuite skipped="0" hostname="Lenovo" name="testng.Dependencies" tests="4" failures="0" timestamp="06 Aug 2019 10:46:13 GMT" time="0.023" errors="0">
  <testcase name="deleteser" time="0.002" classname="testng.Dependencies"/>
  <testcase name="createuser" time="0.015" classname="testng.Dependencies"/>
  <testcase name="creatproduct" time="0.003" classname="testng.Dependencies"/>
  <testcase name="deleteproduct" time="0.003" classname="testng.Dependencies"/>
</testsuite> <!-- testng.Dependencies -->
