<?xml version="1.0" encoding="UTF-8"?>
<!-- Generated by org.testng.reporters.JUnitReportReporter -->
<testsuite skipped="0" hostname="Lenovo" name="testngwithexcel.Assertfull" tests="3" failures="0" timestamp="13 Aug 2019 04:18:33 GMT" time="57.508" errors="0">
  <testcase name="fileopen" time="1.295" classname="testngwithexcel.Assertfull"/>
  <testcase name="comapre" time="55.972" classname="testngwithexcel.Assertfull"/>
  <testcase name="fileclose" time="0.241" classname="testngwithexcel.Assertfull"/>
</testsuite> <!-- testngwithexcel.Assertfull -->
